<?xml version="1.0" encoding="UTF-8"?>
<testng-results ignored="0" total="1" passed="1" failed="0" skipped="0">
  <reporter-output>
  </reporter-output>
  <suite started-at="2022-09-23T20:46:58 EDT" name="Default suite" finished-at="2022-09-23T20:47:14 EDT" duration-ms="15877">
    <groups>
    </groups>
    <test started-at="2022-09-23T20:46:58 EDT" name="Default test" finished-at="2022-09-23T20:47:14 EDT" duration-ms="15877">
      <class name="com.test.SortDealsTest">
        <test-method is-config="true" signature="setUp()[pri:0, instance:com.test.SortDealsTest@42e99e4a]" started-at="2022-09-23T20:46:58 EDT" name="setUp" finished-at="2022-09-23T20:47:05 EDT" duration-ms="6669" status="PASS">
          <reporter-output>
          </reporter-output>
        </test-method> <!-- setUp -->
        <test-method signature="Dealstest()[pri:0, instance:com.test.SortDealsTest@42e99e4a]" started-at="2022-09-23T20:47:05 EDT" name="Dealstest" finished-at="2022-09-23T20:47:14 EDT" duration-ms="9141" status="PASS">
          <reporter-output>
          </reporter-output>
        </test-method> <!-- Dealstest -->
        <test-method is-config="true" signature="tearDown()[pri:0, instance:com.test.SortDealsTest@42e99e4a]" started-at="2022-09-23T20:47:14 EDT" name="tearDown" finished-at="2022-09-23T20:47:14 EDT" duration-ms="0" status="PASS">
          <reporter-output>
          </reporter-output>
        </test-method> <!-- tearDown -->
      </class> <!-- com.test.SortDealsTest -->
    </test> <!-- Default test -->
  </suite> <!-- Default suite -->
</testng-results>
